<?xml version="1.0" encoding="UTF-8"?>
<testng-results ignored="0" total="1" passed="1" failed="0" skipped="0">
  <reporter-output>
  </reporter-output>
  <suite started-at="2025-12-18T13:54:43 IST" name="Default suite" finished-at="2025-12-18T13:54:57 IST" duration-ms="13372">
    <groups>
    </groups>
    <test started-at="2025-12-18T13:54:43 IST" name="Default test" finished-at="2025-12-18T13:54:57 IST" duration-ms="13372">
      <class name="package1.Project1.TestCase1_LoginToAmazon">
        <test-method is-config="true" signature="launch(java.lang.String)[pri:0, instance:package1.Project1.TestCase1_LoginToAmazon@5e0e82ae]" started-at="2025-12-18T13:54:44 IST" name="launch" finished-at="2025-12-18T13:54:53 IST" duration-ms="9788" status="PASS">
          <params>
            <param index="0">
              <value>
                <![CDATA[chrome]]>
              </value>
            </param>
          </params>
          <reporter-output>
          </reporter-output>
        </test-method> <!-- launch -->
        <test-method signature="withvalidCreds()[pri:0, instance:package1.Project1.TestCase1_LoginToAmazon@5e0e82ae]" started-at="2025-12-18T13:54:53 IST" name="withvalidCreds" finished-at="2025-12-18T13:54:56 IST" duration-ms="2402" status="PASS">
          <reporter-output>
          </reporter-output>
        </test-method> <!-- withvalidCreds -->
        <test-method is-config="true" signature="quit()[pri:0, instance:package1.Project1.TestCase1_LoginToAmazon@5e0e82ae]" started-at="2025-12-18T13:54:56 IST" name="quit" finished-at="2025-12-18T13:54:57 IST" duration-ms="1118" status="PASS">
          <reporter-output>
          </reporter-output>
        </test-method> <!-- quit -->
      </class> <!-- package1.Project1.TestCase1_LoginToAmazon -->
    </test> <!-- Default test -->
  </suite> <!-- Default suite -->
</testng-results>
